Connecting to database specified by database.yml

ActionController::RoutingError (No route matches [GET] "/assets/_728x90.png"):
  actionpack (3.2.12) lib/action_dispatch/middleware/debug_exceptions.rb:21:in `call'
  actionpack (3.2.12) lib/action_dispatch/middleware/show_exceptions.rb:56:in `call'
  railties (3.2.12) lib/rails/rack/logger.rb:32:in `call_app'
  railties (3.2.12) lib/rails/rack/logger.rb:16:in `block in call'
  activesupport (3.2.12) lib/active_support/tagged_logging.rb:22:in `tagged'
  railties (3.2.12) lib/rails/rack/logger.rb:16:in `call'
  quiet_assets (1.0.2) lib/quiet_assets.rb:18:in `call_with_quiet_assets'
  actionpack (3.2.12) lib/action_dispatch/middleware/request_id.rb:22:in `call'
  rack (1.4.5) lib/rack/methodoverride.rb:21:in `call'
  rack (1.4.5) lib/rack/runtime.rb:17:in `call'
  activesupport (3.2.12) lib/active_support/cache/strategy/local_cache.rb:72:in `call'
  rack (1.4.5) lib/rack/lock.rb:15:in `call'
  actionpack (3.2.12) lib/action_dispatch/middleware/static.rb:62:in `call'
  railties (3.2.12) lib/rails/engine.rb:479:in `call'
  railties (3.2.12) lib/rails/application.rb:223:in `call'
  rack (1.4.5) lib/rack/content_length.rb:14:in `call'
  railties (3.2.12) lib/rails/rack/log_tailer.rb:17:in `call'
  thin (1.5.0) lib/thin/connection.rb:81:in `block in pre_process'
  thin (1.5.0) lib/thin/connection.rb:79:in `catch'
  thin (1.5.0) lib/thin/connection.rb:79:in `pre_process'
  thin (1.5.0) lib/thin/connection.rb:54:in `process'
  thin (1.5.0) lib/thin/connection.rb:39:in `receive_data'
  eventmachine (1.0.3) lib/eventmachine.rb:187:in `run_machine'
  eventmachine (1.0.3) lib/eventmachine.rb:187:in `run'
  thin (1.5.0) lib/thin/backends/base.rb:63:in `start'
  thin (1.5.0) lib/thin/server.rb:159:in `start'
  rack (1.4.5) lib/rack/handler/thin.rb:13:in `run'
  rack (1.4.5) lib/rack/server.rb:268:in `start'
  railties (3.2.12) lib/rails/commands/server.rb:70:in `start'
  railties (3.2.12) lib/rails/commands.rb:55:in `block in <top (required)>'
  railties (3.2.12) lib/rails/commands.rb:50:in `tap'
  railties (3.2.12) lib/rails/commands.rb:50:in `<top (required)>'
  script/rails:6:in `require'
  script/rails:6:in `<main>'




Started GET "/" for 127.0.0.1 at 2013-03-15 10:41:56 +0100
Processing by ApplicationController#start as HTML
  Rendered text template (0.0ms)
Completed 200 OK in 3ms (Views: 2.3ms | ActiveRecord: 0.0ms)

ActionController::RoutingError (No route matches [GET] "/assets/_728x90.png"):
  actionpack (3.2.12) lib/action_dispatch/middleware/debug_exceptions.rb:21:in `call'
  actionpack (3.2.12) lib/action_dispatch/middleware/show_exceptions.rb:56:in `call'
  railties (3.2.12) lib/rails/rack/logger.rb:32:in `call_app'
  railties (3.2.12) lib/rails/rack/logger.rb:16:in `block in call'
  activesupport (3.2.12) lib/active_support/tagged_logging.rb:22:in `tagged'
  railties (3.2.12) lib/rails/rack/logger.rb:16:in `call'
  quiet_assets (1.0.2) lib/quiet_assets.rb:18:in `call_with_quiet_assets'
  actionpack (3.2.12) lib/action_dispatch/middleware/request_id.rb:22:in `call'
  rack (1.4.5) lib/rack/methodoverride.rb:21:in `call'
  rack (1.4.5) lib/rack/runtime.rb:17:in `call'
  activesupport (3.2.12) lib/active_support/cache/strategy/local_cache.rb:72:in `call'
  rack (1.4.5) lib/rack/lock.rb:15:in `call'
  actionpack (3.2.12) lib/action_dispatch/middleware/static.rb:62:in `call'
  railties (3.2.12) lib/rails/engine.rb:479:in `call'
  railties (3.2.12) lib/rails/application.rb:223:in `call'
  rack (1.4.5) lib/rack/content_length.rb:14:in `call'
  railties (3.2.12) lib/rails/rack/log_tailer.rb:17:in `call'
  thin (1.5.0) lib/thin/connection.rb:81:in `block in pre_process'
  thin (1.5.0) lib/thin/connection.rb:79:in `catch'
  thin (1.5.0) lib/thin/connection.rb:79:in `pre_process'
  thin (1.5.0) lib/thin/connection.rb:54:in `process'
  thin (1.5.0) lib/thin/connection.rb:39:in `receive_data'
  eventmachine (1.0.3) lib/eventmachine.rb:187:in `run_machine'
  eventmachine (1.0.3) lib/eventmachine.rb:187:in `run'
  thin (1.5.0) lib/thin/backends/base.rb:63:in `start'
  thin (1.5.0) lib/thin/server.rb:159:in `start'
  rack (1.4.5) lib/rack/handler/thin.rb:13:in `run'
  rack (1.4.5) lib/rack/server.rb:268:in `start'
  railties (3.2.12) lib/rails/commands/server.rb:70:in `start'
  railties (3.2.12) lib/rails/commands.rb:55:in `block in <top (required)>'
  railties (3.2.12) lib/rails/commands.rb:50:in `tap'
  railties (3.2.12) lib/rails/commands.rb:50:in `<top (required)>'
  script/rails:6:in `require'
  script/rails:6:in `<main>'


